0 info it worked if it ends with ok
1 verbose cli [ '/usr/local/bin/node',
1 verbose cli   '/usr/local/bin/npm',
1 verbose cli   'install',
1 verbose cli   'hyrdabolt/discord.js#indev-rewrite' ]
2 info using npm@3.10.3
3 info using node@v6.4.0
4 silly loadCurrentTree Starting
5 silly install loadCurrentTree
6 silly install readLocalPackageData
7 silly fetchPackageMetaData hyrdabolt/discord.js#indev-rewrite
8 silly fetchOtherPackageData hyrdabolt/discord.js#indev-rewrite
9 silly cache add args [ 'hyrdabolt/discord.js#indev-rewrite', null ]
10 verbose cache add spec hyrdabolt/discord.js#indev-rewrite
11 silly cache add parsed spec Result {
11 silly cache add   raw: 'hyrdabolt/discord.js#indev-rewrite',
11 silly cache add   scope: null,
11 silly cache add   escapedName: null,
11 silly cache add   name: null,
11 silly cache add   rawSpec: 'hyrdabolt/discord.js#indev-rewrite',
11 silly cache add   spec: 'github:hyrdabolt/discord.js#indev-rewrite',
11 silly cache add   type: 'hosted',
11 silly cache add   hosted:
11 silly cache add    { type: 'github',
11 silly cache add      ssh: 'git@github.com:hyrdabolt/discord.js.git#indev-rewrite',
11 silly cache add      sshUrl: 'git+ssh://git@github.com/hyrdabolt/discord.js.git#indev-rewrite',
11 silly cache add      httpsUrl: 'git+https://github.com/hyrdabolt/discord.js.git#indev-rewrite',
11 silly cache add      gitUrl: 'git://github.com/hyrdabolt/discord.js.git#indev-rewrite',
11 silly cache add      shortcut: 'github:hyrdabolt/discord.js#indev-rewrite',
11 silly cache add      directUrl: 'https://raw.githubusercontent.com/hyrdabolt/discord.js/indev-rewrite/package.json' } }
12 verbose addRemoteGit caching hyrdabolt/discord.js#indev-rewrite
13 verbose addRemoteGit hyrdabolt/discord.js#indev-rewrite is a repository hosted by github
14 silly tryGitProto attempting to clone git://github.com/hyrdabolt/discord.js.git#indev-rewrite
15 silly tryClone cloning hyrdabolt/discord.js#indev-rewrite via git://github.com/hyrdabolt/discord.js.git#indev-rewrite
16 verbose tryClone git-github-com-hyrdabolt-discord-js-git-indev-rewrite-44d5bd90 not in flight; caching
17 verbose correctMkdir /home/zachary/.npm/_git-remotes correctMkdir not in flight; initializing
18 info git [ 'clone',
18 info git   '--template=/home/zachary/.npm/_git-remotes/_templates',
18 info git   '--mirror',
18 info git   'git://github.com/hyrdabolt/discord.js.git',
18 info git   '/home/zachary/.npm/_git-remotes/git-github-com-hyrdabolt-discord-js-git-indev-rewrite-44d5bd90' ]
19 verbose git clone --template=/home/zachary/.npm/_git-remotes/_templates --mirror git://github.com/hyrdabolt/discord.js.git /home/zachary/.npm/_git-remotes/git-github-com-hyrdabolt-discord-js-git-indev-rewrite-44d5bd90: Cloning into bare repository '/home/zachary/.npm/_git-remotes/git-github-com-hyrdabolt-discord-js-git-indev-rewrite-44d5bd90'...
19 verbose git clone --template=/home/zachary/.npm/_git-remotes/_templates --mirror git://github.com/hyrdabolt/discord.js.git /home/zachary/.npm/_git-remotes/git-github-com-hyrdabolt-discord-js-git-indev-rewrite-44d5bd90: fatal: remote error:
19 verbose git clone --template=/home/zachary/.npm/_git-remotes/_templates --mirror git://github.com/hyrdabolt/discord.js.git /home/zachary/.npm/_git-remotes/git-github-com-hyrdabolt-discord-js-git-indev-rewrite-44d5bd90:   Repository not found.
20 silly tryHTTPS attempting to clone git+https://github.com/hyrdabolt/discord.js.git#indev-rewrite
21 silly tryClone cloning hyrdabolt/discord.js#indev-rewrite via git+https://github.com/hyrdabolt/discord.js.git#indev-rewrite
22 verbose tryClone git-https-github-com-hyrdabolt-discord-js-git-indev-rewrite-654b99f3 not in flight; caching
23 verbose correctMkdir /home/zachary/.npm/_git-remotes correctMkdir not in flight; initializing
24 info git [ 'clone',
24 info git   '--template=/home/zachary/.npm/_git-remotes/_templates',
24 info git   '--mirror',
24 info git   'https://github.com/hyrdabolt/discord.js.git',
24 info git   '/home/zachary/.npm/_git-remotes/git-https-github-com-hyrdabolt-discord-js-git-indev-rewrite-654b99f3' ]
25 verbose git clone --template=/home/zachary/.npm/_git-remotes/_templates --mirror https://github.com/hyrdabolt/discord.js.git /home/zachary/.npm/_git-remotes/git-https-github-com-hyrdabolt-discord-js-git-indev-rewrite-654b99f3: Cloning into bare repository '/home/zachary/.npm/_git-remotes/git-https-github-com-hyrdabolt-discord-js-git-indev-rewrite-654b99f3'...
25 verbose git clone --template=/home/zachary/.npm/_git-remotes/_templates --mirror https://github.com/hyrdabolt/discord.js.git /home/zachary/.npm/_git-remotes/git-https-github-com-hyrdabolt-discord-js-git-indev-rewrite-654b99f3: remote: Invalid username or password.
25 verbose git clone --template=/home/zachary/.npm/_git-remotes/_templates --mirror https://github.com/hyrdabolt/discord.js.git /home/zachary/.npm/_git-remotes/git-https-github-com-hyrdabolt-discord-js-git-indev-rewrite-654b99f3: fatal: Authentication failed for 'https://github.com/hyrdabolt/discord.js.git/'
26 silly trySSH attempting to clone git@github.com:hyrdabolt/discord.js.git#indev-rewrite
27 silly tryClone cloning hyrdabolt/discord.js#indev-rewrite via git@github.com:hyrdabolt/discord.js.git#indev-rewrite
28 verbose tryClone git-github-com-hyrdabolt-discord-js-git-indev-rewrite-91f7da77 not in flight; caching
29 verbose correctMkdir /home/zachary/.npm/_git-remotes correctMkdir not in flight; initializing
30 info git [ 'clone',
30 info git   '--template=/home/zachary/.npm/_git-remotes/_templates',
30 info git   '--mirror',
30 info git   'git@github.com:hyrdabolt/discord.js.git',
30 info git   '/home/zachary/.npm/_git-remotes/git-github-com-hyrdabolt-discord-js-git-indev-rewrite-91f7da77' ]
31 error git clone --template=/home/zachary/.npm/_git-remotes/_templates --mirror git@github.com:hyrdabolt/discord.js.git /home/zachary/.npm/_git-remotes/git-github-com-hyrdabolt-discord-js-git-indev-rewrite-91f7da77: Cloning into bare repository '/home/zachary/.npm/_git-remotes/git-github-com-hyrdabolt-discord-js-git-indev-rewrite-91f7da77'...
31 error git clone --template=/home/zachary/.npm/_git-remotes/_templates --mirror git@github.com:hyrdabolt/discord.js.git /home/zachary/.npm/_git-remotes/git-github-com-hyrdabolt-discord-js-git-indev-rewrite-91f7da77: Permission denied (publickey).
31 error git clone --template=/home/zachary/.npm/_git-remotes/_templates --mirror git@github.com:hyrdabolt/discord.js.git /home/zachary/.npm/_git-remotes/git-github-com-hyrdabolt-discord-js-git-indev-rewrite-91f7da77: fatal: Could not read from remote repository.
31 error git clone --template=/home/zachary/.npm/_git-remotes/_templates --mirror git@github.com:hyrdabolt/discord.js.git /home/zachary/.npm/_git-remotes/git-github-com-hyrdabolt-discord-js-git-indev-rewrite-91f7da77:
31 error git clone --template=/home/zachary/.npm/_git-remotes/_templates --mirror git@github.com:hyrdabolt/discord.js.git /home/zachary/.npm/_git-remotes/git-github-com-hyrdabolt-discord-js-git-indev-rewrite-91f7da77: Please make sure you have the correct access rights
31 error git clone --template=/home/zachary/.npm/_git-remotes/_templates --mirror git@github.com:hyrdabolt/discord.js.git /home/zachary/.npm/_git-remotes/git-github-com-hyrdabolt-discord-js-git-indev-rewrite-91f7da77: and the repository exists.
32 silly fetchPackageMetaData Error: Command failed: git clone --template=/home/zachary/.npm/_git-remotes/_templates --mirror git@github.com:hyrdabolt/discord.js.git /home/zachary/.npm/_git-remotes/git-github-com-hyrdabolt-discord-js-git-indev-rewrite-91f7da77
32 silly fetchPackageMetaData Cloning into bare repository '/home/zachary/.npm/_git-remotes/git-github-com-hyrdabolt-discord-js-git-indev-rewrite-91f7da77'...
32 silly fetchPackageMetaData Permission denied (publickey).
32 silly fetchPackageMetaData fatal: Could not read from remote repository.
32 silly fetchPackageMetaData
32 silly fetchPackageMetaData Please make sure you have the correct access rights
32 silly fetchPackageMetaData and the repository exists.
32 silly fetchPackageMetaData
32 silly fetchPackageMetaData     at ChildProcess.exithandler (child_process.js:206:12)
32 silly fetchPackageMetaData     at emitTwo (events.js:106:13)
32 silly fetchPackageMetaData     at ChildProcess.emit (events.js:191:7)
32 silly fetchPackageMetaData     at maybeClose (internal/child_process.js:852:16)
32 silly fetchPackageMetaData     at Process.ChildProcess._handle.onexit (internal/child_process.js:215:5)
32 silly fetchPackageMetaData  error for hyrdabolt/discord.js#indev-rewrite { Error: Command failed: git clone --template=/home/zachary/.npm/_git-remotes/_templates --mirror git@github.com:hyrdabolt/discord.js.git /home/zachary/.npm/_git-remotes/git-github-com-hyrdabolt-discord-js-git-indev-rewrite-91f7da77
32 silly fetchPackageMetaData Cloning into bare repository '/home/zachary/.npm/_git-remotes/git-github-com-hyrdabolt-discord-js-git-indev-rewrite-91f7da77'...
32 silly fetchPackageMetaData Permission denied (publickey).
32 silly fetchPackageMetaData fatal: Could not read from remote repository.
32 silly fetchPackageMetaData
32 silly fetchPackageMetaData Please make sure you have the correct access rights
32 silly fetchPackageMetaData and the repository exists.
32 silly fetchPackageMetaData
32 silly fetchPackageMetaData     at ChildProcess.exithandler (child_process.js:206:12)
32 silly fetchPackageMetaData     at emitTwo (events.js:106:13)
32 silly fetchPackageMetaData     at ChildProcess.emit (events.js:191:7)
32 silly fetchPackageMetaData     at maybeClose (internal/child_process.js:852:16)
32 silly fetchPackageMetaData     at Process.ChildProcess._handle.onexit (internal/child_process.js:215:5)
32 silly fetchPackageMetaData   killed: false,
32 silly fetchPackageMetaData   code: 128,
32 silly fetchPackageMetaData   signal: null,
32 silly fetchPackageMetaData   cmd: 'git clone --template=/home/zachary/.npm/_git-remotes/_templates --mirror git@github.com:hyrdabolt/discord.js.git /home/zachary/.npm/_git-remotes/git-github-com-hyrdabolt-discord-js-git-indev-rewrite-91f7da77' }
33 silly rollbackFailedOptional Starting
34 silly rollbackFailedOptional Finishing
35 silly runTopLevelLifecycles Starting
36 silly runTopLevelLifecycles Finishing
37 silly install printInstalled
38 verbose stack Error: Command failed: git clone --template=/home/zachary/.npm/_git-remotes/_templates --mirror git@github.com:hyrdabolt/discord.js.git /home/zachary/.npm/_git-remotes/git-github-com-hyrdabolt-discord-js-git-indev-rewrite-91f7da77
38 verbose stack Cloning into bare repository '/home/zachary/.npm/_git-remotes/git-github-com-hyrdabolt-discord-js-git-indev-rewrite-91f7da77'...
38 verbose stack Permission denied (publickey).
38 verbose stack fatal: Could not read from remote repository.
38 verbose stack
38 verbose stack Please make sure you have the correct access rights
38 verbose stack and the repository exists.
38 verbose stack
38 verbose stack     at ChildProcess.exithandler (child_process.js:206:12)
38 verbose stack     at emitTwo (events.js:106:13)
38 verbose stack     at ChildProcess.emit (events.js:191:7)
38 verbose stack     at maybeClose (internal/child_process.js:852:16)
38 verbose stack     at Process.ChildProcess._handle.onexit (internal/child_process.js:215:5)
39 verbose cwd /home/imouto/Imouto-chan
40 error Linux 4.4.0-36-generic
41 error argv "/usr/local/bin/node" "/usr/local/bin/npm" "install" "hyrdabolt/discord.js#indev-rewrite"
42 error node v6.4.0
43 error npm  v3.10.3
44 error code 128
45 error Command failed: git clone --template=/home/zachary/.npm/_git-remotes/_templates --mirror git@github.com:hyrdabolt/discord.js.git /home/zachary/.npm/_git-remotes/git-github-com-hyrdabolt-discord-js-git-indev-rewrite-91f7da77
45 error Cloning into bare repository '/home/zachary/.npm/_git-remotes/git-github-com-hyrdabolt-discord-js-git-indev-rewrite-91f7da77'...
45 error Permission denied (publickey).
45 error fatal: Could not read from remote repository.
45 error
45 error Please make sure you have the correct access rights
45 error and the repository exists.
46 error If you need help, you may report this error at:
46 error     <https://github.com/npm/npm/issues>
47 verbose exit [ 1, true ]
